10:12:15.807 +08:00 || Information || Microsoft.Hosting.Lifetime || Now listening on: "http://localhost:5010" ||  ||end 
10:12:15.868 +08:00 || Information || Microsoft.Hosting.Lifetime || Now listening on: "https://localhost:5011" ||  ||end 
10:12:15.869 +08:00 || Information || Microsoft.Hosting.Lifetime || Application started. Press Ctrl+C to shut down. ||  ||end 
10:12:15.869 +08:00 || Information || Microsoft.Hosting.Lifetime || Hosting environment: "Production" ||  ||end 
10:12:15.870 +08:00 || Information || Microsoft.Hosting.Lifetime || Content root path: "D:\lijun\github\Mzgh\MzsfApi\bin\Release\netcoreapp3.1\publish" ||  ||end 
10:15:08.359 +08:00 || Information ||  || GetLoginUser,super, ||  ||end 
10:16:04.796 +08:00 || Error ||  || A network-related or instance-specific error occurred while establishing a connection to SQL Server. The server was not found or was not accessible. Verify that the instance name is correct and that SQL Server is configured to allow remote connections. (provider: Named Pipes Provider, error: 40 - Could not open a connection to SQL Server) ||  ||end 
10:18:05.764 +08:00 || Information ||  || GetLoginUser,super, ||  ||end 
10:22:09.949 +08:00 || Information ||  || GetLoginUser,super, ||  ||end 
10:22:45.275 +08:00 || Information ||  || GetLoginUser,super, ||  ||end 
10:25:12.300 +08:00 || Information ||  || GetLoginUser,super, ||  ||end 
10:32:14.271 +08:00 || Information ||  || GetLoginUser,super, ||  ||end 
10:32:54.306 +08:00 || Information ||  || GetLoginUser,super, ||  ||end 
11:44:51.824 +08:00 || Information || Microsoft.Hosting.Lifetime || Application is shutting down... ||  ||end 
12:53:49.530 +08:00 || Information || Microsoft.Hosting.Lifetime || Now listening on: "http://localhost:5010" ||  ||end 
12:53:49.605 +08:00 || Information || Microsoft.Hosting.Lifetime || Now listening on: "https://localhost:5011" ||  ||end 
12:53:49.606 +08:00 || Information || Microsoft.Hosting.Lifetime || Application started. Press Ctrl+C to shut down. ||  ||end 
12:53:49.606 +08:00 || Information || Microsoft.Hosting.Lifetime || Hosting environment: "Production" ||  ||end 
12:53:49.607 +08:00 || Information || Microsoft.Hosting.Lifetime || Content root path: "D:\lijun\github\Mzgh\MzsfApi\bin\Release\netcoreapp3.1\publish" ||  ||end 
12:53:55.791 +08:00 || Information || Microsoft.Hosting.Lifetime || Application is shutting down... ||  ||end 
12:54:05.505 +08:00 || Information || Microsoft.Hosting.Lifetime || Now listening on: "http://localhost:5010" ||  ||end 
12:54:05.539 +08:00 || Information || Microsoft.Hosting.Lifetime || Now listening on: "https://localhost:5011" ||  ||end 
12:54:05.539 +08:00 || Information || Microsoft.Hosting.Lifetime || Application started. Press Ctrl+C to shut down. ||  ||end 
12:54:05.539 +08:00 || Information || Microsoft.Hosting.Lifetime || Hosting environment: "Production" ||  ||end 
12:54:05.540 +08:00 || Information || Microsoft.Hosting.Lifetime || Content root path: "D:\lijun\github\Mzgh\MzsfApi\bin\Release\netcoreapp3.1\publish" ||  ||end 
12:54:23.557 +08:00 || Information ||  || GetLoginUser,super, ||  ||end 
12:55:26.905 +08:00 || Error ||  || A network-related or instance-specific error occurred while establishing a connection to SQL Server. The server was not found or was not accessible. Verify that the instance name is correct and that SQL Server is configured to allow remote connections. (provider: Named Pipes Provider, error: 40 - Could not open a connection to SQL Server) ||  ||end 
12:56:25.267 +08:00 || Information ||  || GetLoginUser,super, ||  ||end 
15:14:15.261 +08:00 || Information || Microsoft.Hosting.Lifetime || Application is shutting down... ||  ||end 
15:15:22.449 +08:00 || Information || Microsoft.Hosting.Lifetime || Now listening on: "http://localhost:5010" ||  ||end 
15:15:22.501 +08:00 || Information || Microsoft.Hosting.Lifetime || Now listening on: "https://localhost:5011" ||  ||end 
15:15:22.501 +08:00 || Information || Microsoft.Hosting.Lifetime || Application started. Press Ctrl+C to shut down. ||  ||end 
15:15:22.502 +08:00 || Information || Microsoft.Hosting.Lifetime || Hosting environment: "Production" ||  ||end 
15:15:22.502 +08:00 || Information || Microsoft.Hosting.Lifetime || Content root path: "D:\lijun\github\Mzgh\MzsfApi\bin\Release\netcoreapp3.1\publish" ||  ||end 
15:15:49.136 +08:00 || Information ||  || GetLoginUser,super, ||  ||end 
15:16:00.729 +08:00 || Information ||  || GetPatientByCard,2 ||  ||end 
15:16:00.742 +08:00 || Error ||  || Could not find file 'D:\lijun\github\Mzgh\MzsfApi\bin\Release\netcoreapp3.1\publish\sqls\220002.sql'. ||  ||end 
15:18:21.213 +08:00 || Information ||  || GetLoginUser,super, ||  ||end 
15:18:24.304 +08:00 || Information ||  || GetPatientByCard,2 ||  ||end 
15:18:24.307 +08:00 || Error ||  || Could not find file 'D:\lijun\github\Mzgh\MzsfApi\bin\Release\netcoreapp3.1\publish\sqls\220002.sql'. ||  ||end 
15:19:48.761 +08:00 || Information ||  || GetLoginUser,super, ||  ||end 
15:20:30.890 +08:00 || Information ||  || GetPatientByCard,2 ||  ||end 
15:26:16.882 +08:00 || Information ||  || GetLoginUser,super, ||  ||end 
15:26:21.050 +08:00 || Information ||  || GetPatientByCard,2 ||  ||end 
15:30:57.222 +08:00 || Information ||  || GetPatientByCard,奥术大师大所大所 ||  ||end 
16:01:18.735 +08:00 || Information ||  || GetLoginUser,super, ||  ||end 
16:01:22.386 +08:00 || Information ||  || GetPatientByCard,2 ||  ||end 
16:03:51.543 +08:00 || Information ||  || GetLoginUser,super, ||  ||end 
16:03:54.276 +08:00 || Information ||  || GetPatientByCard,2 ||  ||end 
16:31:13.688 +08:00 || Information || Microsoft.Hosting.Lifetime || Application is shutting down... ||  ||end 
16:37:06.120 +08:00 || Information || Microsoft.Hosting.Lifetime || Now listening on: "http://localhost:5010" ||  ||end 
16:37:06.167 +08:00 || Information || Microsoft.Hosting.Lifetime || Now listening on: "https://localhost:5011" ||  ||end 
16:37:06.168 +08:00 || Information || Microsoft.Hosting.Lifetime || Application started. Press Ctrl+C to shut down. ||  ||end 
16:37:06.173 +08:00 || Information || Microsoft.Hosting.Lifetime || Hosting environment: "Production" ||  ||end 
16:37:06.173 +08:00 || Information || Microsoft.Hosting.Lifetime || Content root path: "D:\lijun\github\Mzgh\MzsfApi\bin\Release\netcoreapp3.1\publish" ||  ||end 
16:37:57.164 +08:00 || Information ||  || GetLoginUser,super, ||  ||end 
16:38:01.743 +08:00 || Information ||  || GetPatientByCard,2 ||  ||end 
16:38:13.248 +08:00 || Information ||  || GetMzOrdersByPatientId,000296903300,303 ||  ||end 
16:48:17.541 +08:00 || Information ||  || GetLoginUser,super, ||  ||end 
16:48:21.106 +08:00 || Information ||  || GetPatientByCard,2 ||  ||end 
16:48:23.775 +08:00 || Information ||  || GetMzOrdersByPatientId,000296903300,303 ||  ||end 
16:48:33.269 +08:00 || Information ||  || GetPatientByCard,2 ||  ||end 
16:48:36.391 +08:00 || Information ||  || GetMzOrdersByPatientId,000296903300,303 ||  ||end 
16:52:45.607 +08:00 || Information ||  || GetLoginUser,super, ||  ||end 
16:55:34.501 +08:00 || Information ||  || GetLoginUser,super, ||  ||end 
16:55:37.666 +08:00 || Information ||  || GetPatientByCard,2 ||  ||end 
16:55:38.944 +08:00 || Information ||  || GetMzOrdersByPatientId,000296903300,303 ||  ||end 
17:32:40.229 +08:00 || Information ||  || GetLoginUser,super, ||  ||end 
17:32:43.937 +08:00 || Information ||  || GetPatientByCard,2 ||  ||end 
17:32:45.883 +08:00 || Information ||  || GetMzOrdersByPatientId,000296903300,303 ||  ||end 
17:32:45.949 +08:00 || Information ||  || GetCprCharges,000296903300,303,1 ||  ||end 
17:32:46.017 +08:00 || Error ||  || 找不到存储过程 '--220001 门诊收费 - 调取病人处方明细存储过程
mzsf_GetCprCharges'。 ||  ||end 
17:33:51.806 +08:00 || Information || Microsoft.Hosting.Lifetime || Application is shutting down... ||  ||end 
17:34:02.797 +08:00 || Information || Microsoft.Hosting.Lifetime || Now listening on: "http://localhost:5010" ||  ||end 
17:34:02.868 +08:00 || Information || Microsoft.Hosting.Lifetime || Now listening on: "https://localhost:5011" ||  ||end 
17:34:02.869 +08:00 || Information || Microsoft.Hosting.Lifetime || Application started. Press Ctrl+C to shut down. ||  ||end 
17:34:02.876 +08:00 || Information || Microsoft.Hosting.Lifetime || Hosting environment: "Production" ||  ||end 
17:34:02.877 +08:00 || Information || Microsoft.Hosting.Lifetime || Content root path: "D:\lijun\github\Mzgh\MzsfApi\bin\Release\netcoreapp3.1\publish" ||  ||end 
17:34:17.605 +08:00 || Information ||  || GetLoginUser,super, ||  ||end 
17:34:21.410 +08:00 || Information ||  || GetPatientByCard,2 ||  ||end 
17:34:21.584 +08:00 || Information ||  || GetMzOrdersByPatientId,000296903300,303 ||  ||end 
17:34:21.600 +08:00 || Information ||  || GetCprCharges,000296903300,303,1 ||  ||end 
